<?xml version="1.0" encoding="UTF-8"?>
<!-- Generated by org.testng.reporters.JUnitReportReporter -->
<testsuite skipped="0" hostname="Sergeys-MacBook-Pro.local" name="core.MultiplyTest" tests="4" failures="0" timestamp="25 Aug 2017 01:28:27 GMT" time="0.028" errors="0">
  <testcase name="multiply_test_instanceOf" time="0.006" classname="core.MultiplyTest"/>
  <testcase name="multiply_test_2_param" time="0.020" classname="core.MultiplyTest"/>
  <testcase name="multiply_test_4_param" time="0.001" classname="core.MultiplyTest"/>
  <testcase name="multiply_test_3_param" time="0.001" classname="core.MultiplyTest"/>
</testsuite> <!-- core.MultiplyTest -->
